<?xml version="1.0" encoding="UTF-8"?>
<testng-results ignored="0" total="1" passed="1" failed="0" skipped="0">
  <reporter-output>
  </reporter-output>
  <suite started-at="2021-04-10T14:35:21 IST" name="Default suite" finished-at="2021-04-10T14:35:31 IST" duration-ms="9869">
    <groups>
    </groups>
    <test started-at="2021-04-10T14:35:21 IST" name="Default test" finished-at="2021-04-10T14:35:31 IST" duration-ms="9869">
      <class name="com.crm.qa.testcases.DetailsPageTest">
        <test-method is-config="true" signature="setup()[pri:0, instance:com.crm.qa.testcases.DetailsPageTest@183e8023]" started-at="2021-04-10T14:35:21 IST" name="setup" finished-at="2021-04-10T14:35:26 IST" duration-ms="5072" status="PASS">
          <reporter-output>
          </reporter-output>
        </test-method> <!-- setup -->
        <test-method signature="putBorder()[pri:0, instance:com.crm.qa.testcases.DetailsPageTest@183e8023]" started-at="2021-04-10T14:35:26 IST" name="putBorder" finished-at="2021-04-10T14:35:30 IST" duration-ms="3975" status="PASS">
          <reporter-output>
          </reporter-output>
        </test-method> <!-- putBorder -->
        <test-method is-config="true" signature="teardown(org.testng.ITestResult)[pri:0, instance:com.crm.qa.testcases.DetailsPageTest@183e8023]" started-at="2021-04-10T14:35:30 IST" name="teardown" finished-at="2021-04-10T14:35:31 IST" duration-ms="788" status="PASS">
          <params>
            <param index="0">
              <value>
                <![CDATA[[TestResult name=putBorder status=SUCCESS method=DetailsPageTest.putBorder()[pri:0, instance:com.crm.qa.testcases.DetailsPageTest@183e8023] output={null}]]]>
              </value>
            </param>
          </params>
          <reporter-output>
          </reporter-output>
        </test-method> <!-- teardown -->
      </class> <!-- com.crm.qa.testcases.DetailsPageTest -->
    </test> <!-- Default test -->
  </suite> <!-- Default suite -->
</testng-results>
